[INFO] Scanning for projects...
[INFO] 
[INFO] ---------------< com.smartexport:smart-export-platform >----------------
[INFO] Building Smart Export Global Platform 1.0.0
[INFO]   from pom.xml
[INFO] --------------------------------[ jar ]---------------------------------
[INFO] 
[INFO] >>> spring-boot:3.2.0:run (default-cli) > test-compile @ smart-export-platform >>>
[INFO] 
[INFO] --- resources:3.3.1:resources (default-resources) @ smart-export-platform ---
[INFO] Copying 1 resource from src/main/resources to target/classes
[INFO] Copying 18 resources from src/main/resources to target/classes
[INFO] 
[INFO] --- compiler:3.11.0:compile (default-compile) @ smart-export-platform ---
[INFO] Changes detected - recompiling the module! :source
[INFO] Compiling 66 source files with javac [debug release 17] to target/classes
[INFO] 
[INFO] --- resources:3.3.1:testResources (default-testResources) @ smart-export-platform ---
[INFO] skip non existing resourceDirectory /Users/user/CascadeProjects/smart-export-platform/src/test/resources
[INFO] 
[INFO] --- compiler:3.11.0:testCompile (default-testCompile) @ smart-export-platform ---
[INFO] Changes detected - recompiling the module! :dependency
[INFO] Compiling 3 source files with javac [debug release 17] to target/test-classes
[INFO] 
[INFO] <<< spring-boot:3.2.0:run (default-cli) < test-compile @ smart-export-platform <<<
[INFO] 
[INFO] 
[INFO] --- spring-boot:3.2.0:run (default-cli) @ smart-export-platform ---
[INFO] Attaching agents: []

  .   ____          _            __ _ _
 /\\ / ___'_ __ _ _(_)_ __  __ _ \ \ \ \
( ( )\___ | '_ | '_| | '_ \/ _` | \ \ \ \
 \\/  ___)| |_)| | | | | || (_| |  ) ) ) )
  '  |____| .__|_| |_|_| |_\__, | / / / /
 =========|_|==============|___/=/_/_/_/
 :: Spring Boot ::                (v3.2.0)

2026-03-06T11:46:17.751Z  INFO 4929 --- [smart-export-platform] [           main] c.s.p.SmartExportPlatformApplication     : Starting SmartExportPlatformApplication using Java 17.0.9 with PID 4929 (/Users/user/CascadeProjects/smart-export-platform/target/classes started by user in /Users/user/CascadeProjects/smart-export-platform)
2026-03-06T11:46:17.758Z DEBUG 4929 --- [smart-export-platform] [           main] c.s.p.SmartExportPlatformApplication     : Running with Spring Boot v3.2.0, Spring v6.1.1
2026-03-06T11:46:17.760Z  INFO 4929 --- [smart-export-platform] [           main] c.s.p.SmartExportPlatformApplication     : No active profile set, falling back to 1 default profile: "default"
2026-03-06T11:46:19.809Z  INFO 4929 --- [smart-export-platform] [           main] .s.d.r.c.RepositoryConfigurationDelegate : Multiple Spring Data modules found, entering strict repository configuration mode
2026-03-06T11:46:19.812Z  INFO 4929 --- [smart-export-platform] [           main] .s.d.r.c.RepositoryConfigurationDelegate : Bootstrapping Spring Data JPA repositories in DEFAULT mode.
2026-03-06T11:46:20.249Z  INFO 4929 --- [smart-export-platform] [           main] .s.d.r.c.RepositoryConfigurationDelegate : Finished Spring Data repository scanning in 417 ms. Found 7 JPA repository interfaces.
2026-03-06T11:46:20.294Z  INFO 4929 --- [smart-export-platform] [           main] .s.d.r.c.RepositoryConfigurationDelegate : Multiple Spring Data modules found, entering strict repository configuration mode
2026-03-06T11:46:20.296Z  INFO 4929 --- [smart-export-platform] [           main] .s.d.r.c.RepositoryConfigurationDelegate : Bootstrapping Spring Data Redis repositories in DEFAULT mode.
2026-03-06T11:46:20.334Z  INFO 4929 --- [smart-export-platform] [           main] .RepositoryConfigurationExtensionSupport : Spring Data Redis - Could not safely identify store assignment for repository candidate interface com.smartexport.platform.repository.MaritimeRouteRepository; If you want this repository to be a Redis repository, consider annotating your entities with one of these annotations: org.springframework.data.redis.core.RedisHash (preferred), or consider extending one of the following types with your repository: org.springframework.data.keyvalue.repository.KeyValueRepository
2026-03-06T11:46:20.334Z  INFO 4929 --- [smart-export-platform] [           main] .RepositoryConfigurationExtensionSupport : Spring Data Redis - Could not safely identify store assignment for repository candidate interface com.smartexport.platform.repository.PasswordResetRepository; If you want this repository to be a Redis repository, consider annotating your entities with one of these annotations: org.springframework.data.redis.core.RedisHash (preferred), or consider extending one of the following types with your repository: org.springframework.data.keyvalue.repository.KeyValueRepository
2026-03-06T11:46:20.335Z  INFO 4929 --- [smart-export-platform] [           main] .RepositoryConfigurationExtensionSupport : Spring Data Redis - Could not safely identify store assignment for repository candidate interface com.smartexport.platform.repository.PortRepository; If you want this repository to be a Redis repository, consider annotating your entities with one of these annotations: org.springframework.data.redis.core.RedisHash (preferred), or consider extending one of the following types with your repository: org.springframework.data.keyvalue.repository.KeyValueRepository
2026-03-06T11:46:20.335Z  INFO 4929 --- [smart-export-platform] [           main] .RepositoryConfigurationExtensionSupport : Spring Data Redis - Could not safely identify store assignment for repository candidate interface com.smartexport.platform.repository.SivPriceRepository; If you want this repository to be a Redis repository, consider annotating your entities with one of these annotations: org.springframework.data.redis.core.RedisHash (preferred), or consider extending one of the following types with your repository: org.springframework.data.keyvalue.repository.KeyValueRepository
2026-03-06T11:46:20.336Z  INFO 4929 --- [smart-export-platform] [           main] .RepositoryConfigurationExtensionSupport : Spring Data Redis - Could not safely identify store assignment for repository candidate interface com.smartexport.platform.repository.TarifDouanierRepository; If you want this repository to be a Redis repository, consider annotating your entities with one of these annotations: org.springframework.data.redis.core.RedisHash (preferred), or consider extending one of the following types with your repository: org.springframework.data.keyvalue.repository.KeyValueRepository
2026-03-06T11:46:20.337Z  INFO 4929 --- [smart-export-platform] [           main] .RepositoryConfigurationExtensionSupport : Spring Data Redis - Could not safely identify store assignment for repository candidate interface com.smartexport.platform.repository.UserActivityLogRepository; If you want this repository to be a Redis repository, consider annotating your entities with one of these annotations: org.springframework.data.redis.core.RedisHash (preferred), or consider extending one of the following types with your repository: org.springframework.data.keyvalue.repository.KeyValueRepository
2026-03-06T11:46:20.337Z  INFO 4929 --- [smart-export-platform] [           main] .RepositoryConfigurationExtensionSupport : Spring Data Redis - Could not safely identify store assignment for repository candidate interface com.smartexport.platform.repository.UserRepository; If you want this repository to be a Redis repository, consider annotating your entities with one of these annotations: org.springframework.data.redis.core.RedisHash (preferred), or consider extending one of the following types with your repository: org.springframework.data.keyvalue.repository.KeyValueRepository
2026-03-06T11:46:20.338Z  INFO 4929 --- [smart-export-platform] [           main] .s.d.r.c.RepositoryConfigurationDelegate : Finished Spring Data repository scanning in 21 ms. Found 0 Redis repository interfaces.
2026-03-06T11:46:21.777Z  INFO 4929 --- [smart-export-platform] [           main] o.s.b.w.embedded.tomcat.TomcatWebServer  : Tomcat initialized with port 8080 (http)
2026-03-06T11:46:21.803Z  INFO 4929 --- [smart-export-platform] [           main] o.apache.catalina.core.StandardService   : Starting service [Tomcat]
2026-03-06T11:46:21.804Z  INFO 4929 --- [smart-export-platform] [           main] o.apache.catalina.core.StandardEngine    : Starting Servlet engine: [Apache Tomcat/10.1.16]
2026-03-06T11:46:21.952Z  INFO 4929 --- [smart-export-platform] [           main] o.a.c.c.C.[Tomcat].[localhost].[/]       : Initializing Spring embedded WebApplicationContext
2026-03-06T11:46:21.955Z  INFO 4929 --- [smart-export-platform] [           main] w.s.c.ServletWebServerApplicationContext : Root WebApplicationContext: initialization completed in 4064 ms
2026-03-06T11:46:22.080Z DEBUG 4929 --- [smart-export-platform] [           main] c.s.p.security.JwtAuthenticationFilter   : Filter 'jwtAuthenticationFilter' configured for use
2026-03-06T11:46:22.336Z  INFO 4929 --- [smart-export-platform] [           main] o.hibernate.jpa.internal.util.LogHelper  : HHH000204: Processing PersistenceUnitInfo [name: default]
2026-03-06T11:46:22.440Z  INFO 4929 --- [smart-export-platform] [           main] org.hibernate.Version                    : HHH000412: Hibernate ORM core version 6.3.1.Final
2026-03-06T11:46:22.507Z  INFO 4929 --- [smart-export-platform] [           main] o.h.c.internal.RegionFactoryInitiator    : HHH000026: Second-level cache disabled
2026-03-06T11:46:22.949Z  INFO 4929 --- [smart-export-platform] [           main] o.s.o.j.p.SpringPersistenceUnitInfo      : No LoadTimeWeaver setup: ignoring JPA class transformer
2026-03-06T11:46:22.999Z  INFO 4929 --- [smart-export-platform] [           main] com.zaxxer.hikari.HikariDataSource       : HikariPool-1 - Starting...
2026-03-06T11:46:23.234Z  INFO 4929 --- [smart-export-platform] [           main] com.zaxxer.hikari.pool.HikariPool        : HikariPool-1 - Added connection org.postgresql.jdbc.PgConnection@6ebbc06
2026-03-06T11:46:23.238Z  INFO 4929 --- [smart-export-platform] [           main] com.zaxxer.hikari.HikariDataSource       : HikariPool-1 - Start completed.
2026-03-06T11:46:23.296Z  WARN 4929 --- [smart-export-platform] [           main] org.hibernate.orm.deprecation            : HHH90000025: PostgreSQLDialect does not need to be specified explicitly using 'hibernate.dialect' (remove the property setting and it will be selected by default)
2026-03-06T11:46:25.192Z  INFO 4929 --- [smart-export-platform] [           main] o.h.e.t.j.p.i.JtaPlatformInitiator       : HHH000489: No JTA platform available (set 'hibernate.transaction.jta.platform' to enable JTA platform integration)
2026-03-06T11:46:25.368Z  INFO 4929 --- [smart-export-platform] [           main] j.LocalContainerEntityManagerFactoryBean : Initialized JPA EntityManagerFactory for persistence unit 'default'
2026-03-06T11:46:26.228Z  INFO 4929 --- [smart-export-platform] [           main] o.s.d.j.r.query.QueryEnhancerFactory     : Hibernate is in classpath; If applicable, HQL parser will be used.
2026-03-06T11:46:27.134Z  WARN 4929 --- [smart-export-platform] [           main] JpaBaseConfiguration$JpaWebConfiguration : spring.jpa.open-in-view is enabled by default. Therefore, database queries may be performed during view rendering. Explicitly configure spring.jpa.open-in-view to disable this warning
2026-03-06T11:46:27.655Z  INFO 4929 --- [smart-export-platform] [           main] o.s.s.web.DefaultSecurityFilterChain     : Will secure any request with [org.springframework.security.web.session.DisableEncodeUrlFilter@962e03a, org.springframework.security.web.context.request.async.WebAsyncManagerIntegrationFilter@472073bb, org.springframework.security.web.context.SecurityContextHolderFilter@5a720cdf, org.springframework.security.web.header.HeaderWriterFilter@53251e03, org.springframework.web.filter.CorsFilter@63714a1, org.springframework.security.web.authentication.logout.LogoutFilter@11a88d87, com.smartexport.platform.security.JwtAuthenticationFilter@2725ca05, org.springframework.security.web.savedrequest.RequestCacheAwareFilter@5f83b506, org.springframework.security.web.servletapi.SecurityContextHolderAwareRequestFilter@59294447, org.springframework.security.web.authentication.AnonymousAuthenticationFilter@53bf791, org.springframework.security.web.session.SessionManagementFilter@7d727123, org.springframework.security.web.access.ExceptionTranslationFilter@4603845b, org.springframework.security.web.access.intercept.AuthorizationFilter@63916a3]
2026-03-06T11:46:29.475Z  INFO 4929 --- [smart-export-platform] [           main] o.s.b.w.embedded.tomcat.TomcatWebServer  : Tomcat started on port 8080 (http) with context path ''
2026-03-06T11:46:29.629Z DEBUG 4929 --- [smart-export-platform] [           main] org.hibernate.SQL                        : 
    select
        u1_0.id 
    from
        users u1_0 
    where
        u1_0.email=? 
    fetch
        first ? rows only
Hibernate: 
    select
        u1_0.id 
    from
        users u1_0 
    where
        u1_0.email=? 
    fetch
        first ? rows only
2026-03-06T11:46:29.646Z  INFO 4929 --- [smart-export-platform] [           main] c.s.p.SmartExportPlatformApplication     : Started SmartExportPlatformApplication in 13.176 seconds (process running for 14.801)
2026-03-06T11:46:29.679Z DEBUG 4929 --- [smart-export-platform] [           main] org.hibernate.SQL                        : 
    select
        p1_0.id,
        p1_0.created_at,
        p1_0.frais_portuaires,
        p1_0.latitude,
        p1_0.longitude,
        p1_0.nom_port,
        p1_0.pays,
        p1_0.type_port,
        p1_0.unlocode,
        p1_0.updated_at 
    from
        ports p1_0
Hibernate: 
    select
        p1_0.id,
        p1_0.created_at,
        p1_0.frais_portuaires,
        p1_0.latitude,
        p1_0.longitude,
        p1_0.nom_port,
        p1_0.pays,
        p1_0.type_port,
        p1_0.unlocode,
        p1_0.updated_at 
    from
        ports p1_0
2026-03-06T12:38:49.800Z  WARN 4929 --- [smart-export-platform] [l-1 housekeeper] com.zaxxer.hikari.pool.HikariPool        : HikariPool-1 - Thread starvation or clock leap detected (housekeeper delta=30m26s30ms).
2026-03-06T12:52:42.615Z  WARN 4929 --- [smart-export-platform] [l-1 housekeeper] com.zaxxer.hikari.pool.HikariPool        : HikariPool-1 - Thread starvation or clock leap detected (housekeeper delta=2m52s505ms).
2026-03-06T12:53:22.502Z  INFO 4929 --- [smart-export-platform] [ionShutdownHook] j.LocalContainerEntityManagerFactoryBean : Closing JPA EntityManagerFactory for persistence unit 'default'
2026-03-06T12:53:22.507Z  INFO 4929 --- [smart-export-platform] [ionShutdownHook] com.zaxxer.hikari.HikariDataSource       : HikariPool-1 - Shutdown initiated...
2026-03-06T12:53:22.510Z  INFO 4929 --- [smart-export-platform] [ionShutdownHook] com.zaxxer.hikari.HikariDataSource       : HikariPool-1 - Shutdown completed.
